# JRE version: Java(TM) SE Runtime Environment (8.0_92-b14) (build 1.8.0_92-b14)
# Java VM: Java HotSpot(TM) 64-Bit Server VM (25.92-b14 mixed mode windows-amd64 compressed oops)
Heap:
 PSYoungGen      total 668672K, used 355361K [0x00000000d6000000, 0x00000000fff80000, 0x0000000100000000)
  eden space 650240K, 54% used [0x00000000d6000000,0x00000000ebae85e8,0x00000000fdb00000)
  from space 18432K, 0% used [0x00000000fdb00000,0x00000000fdb20000,0x00000000fed00000)
  to   space 17920K, 0% used [0x00000000fee00000,0x00000000fee00000,0x00000000fff80000)
 ParOldGen       total 80896K, used 25993K [0x0000000082000000, 0x0000000086f00000, 0x00000000d6000000)
  object space 80896K, 32% used [0x0000000082000000,0x00000000839626c8,0x0000000086f00000)
 Metaspace       used 64533K, capacity 68090K, committed 68248K, reserved 1107968K
  class space    used 8540K, capacity 9099K, committed 9136K, reserved 1048576K
GC Heap History (10 events):
Event: 3559.950 GC heap before
{Heap before GC invocations=16 (full 3):
 PSYoungGen      total 504832K, used 504483K [0x00000000d6000000, 0x00000000f7b80000, 0x0000000100000000)
  eden space 496128K, 100% used [0x00000000d6000000,0x00000000f4480000,0x00000000f4480000)
  from space 8704K, 95% used [0x00000000f7300000,0x00000000f7b28ea8,0x00000000f7b80000)
  to   space 18944K, 0% used [0x00000000f5680000,0x00000000f5680000,0x00000000f6900000)
 ParOldGen       total 80896K, used 21329K [0x0000000082000000, 0x0000000086f00000, 0x00000000d6000000)
  object space 80896K, 26% used [0x0000000082000000,0x00000000834d4780,0x0000000086f00000)
 Metaspace       used 64429K, capacity 67932K, committed 67992K, reserved 1107968K
  class space    used 8534K, capacity 9094K, committed 9136K, reserved 1048576K
Event: 3560.247 GC heap after
Heap after GC invocations=16 (full 3):
 PSYoungGen      total 533504K, used 576K [0x00000000d6000000, 0x0000000100000000, 0x0000000100000000)
  eden space 514560K, 0% used [0x00000000d6000000,0x00000000d6000000,0x00000000f5680000)
  from space 18944K, 3% used [0x00000000f5680000,0x00000000f5710000,0x00000000f6900000)
  to   space 18944K, 0% used [0x00000000fed80000,0x00000000fed80000,0x0000000100000000)
 ParOldGen       total 80896K, used 25169K [0x0000000082000000, 0x0000000086f00000, 0x00000000d6000000)
  object space 80896K, 31% used [0x0000000082000000,0x00000000838944e8,0x0000000086f00000)
 Metaspace       used 64429K, capacity 67932K, committed 67992K, reserved 1107968K
  class space    used 8534K, capacity 9094K, committed 9136K, reserved 1048576K
}
Event: 3594.250 GC heap before
{Heap before GC invocations=17 (full 3):
 PSYoungGen      total 533504K, used 515136K [0x00000000d6000000, 0x0000000100000000, 0x0000000100000000)
  eden space 514560K, 100% used [0x00000000d6000000,0x00000000f5680000,0x00000000f5680000)
  from space 18944K, 3% used [0x00000000f5680000,0x00000000f5710000,0x00000000f6900000)
  to   space 18944K, 0% used [0x00000000fed80000,0x00000000fed80000,0x0000000100000000)
 ParOldGen       total 80896K, used 25169K [0x0000000082000000, 0x0000000086f00000, 0x00000000d6000000)
  object space 80896K, 31% used [0x0000000082000000,0x00000000838944e8,0x0000000086f00000)
 Metaspace       used 64450K, capacity 67932K, committed 67992K, reserved 1107968K
  class space    used 8535K, capacity 9094K, committed 9136K, reserved 1048576K
Event: 3594.922 GC heap after
Heap after GC invocations=17 (full 3):
 PSYoungGen      total 669184K, used 512K [0x00000000d6000000, 0x0000000100000000, 0x0000000100000000)
  eden space 650240K, 0% used [0x00000000d6000000,0x00000000d6000000,0x00000000fdb00000)
  from space 18944K, 2% used [0x00000000fed80000,0x00000000fee00000,0x0000000100000000)
  to   space 18944K, 0% used [0x00000000fdb00000,0x00000000fdb00000,0x00000000fed80000)
 ParOldGen       total 80896K, used 25601K [0x0000000082000000, 0x0000000086f00000, 0x00000000d6000000)
  object space 80896K, 31% used [0x0000000082000000,0x00000000839005a8,0x0000000086f00000)
 Metaspace       used 64450K, capacity 67932K, committed 67992K, reserved 1107968K
  class space    used 8535K, capacity 9094K, committed 9136K, reserved 1048576K
}
Event: 3637.297 GC heap before
{Heap before GC invocations=18 (full 3):
 PSYoungGen      total 669184K, used 650752K [0x00000000d6000000, 0x0000000100000000, 0x0000000100000000)
  eden space 650240K, 100% used [0x00000000d6000000,0x00000000fdb00000,0x00000000fdb00000)
  from space 18944K, 2% used [0x00000000fed80000,0x00000000fee00000,0x0000000100000000)
  to   space 18944K, 0% used [0x00000000fdb00000,0x00000000fdb00000,0x00000000fed80000)
 ParOldGen       total 80896K, used 25601K [0x0000000082000000, 0x0000000086f00000, 0x00000000d6000000)
  object space 80896K, 31% used [0x0000000082000000,0x00000000839005a8,0x0000000086f00000)
 Metaspace       used 64462K, capacity 67932K, committed 67992K, reserved 1107968K
  class space    used 8535K, capacity 9094K, committed 9136K, reserved 1048576K
Event: 3637.339 GC heap after
Heap after GC invocations=18 (full 3):
 PSYoungGen      total 669184K, used 128K [0x00000000d6000000, 0x0000000100000000, 0x0000000100000000)
  eden space 650240K, 0% used [0x00000000d6000000,0x00000000d6000000,0x00000000fdb00000)
  from space 18944K, 0% used [0x00000000fdb00000,0x00000000fdb20000,0x00000000fed80000)
  to   space 18944K, 0% used [0x00000000fed80000,0x00000000fed80000,0x0000000100000000)
 ParOldGen       total 80896K, used 25977K [0x0000000082000000, 0x0000000086f00000, 0x00000000d6000000)
  object space 80896K, 32% used [0x0000000082000000,0x000000008395e6c8,0x0000000086f00000)
 Metaspace       used 64462K, capacity 67932K, committed 67992K, reserved 1107968K
  class space    used 8535K, capacity 9094K, committed 9136K, reserved 1048576K
}
Event: 3680.962 GC heap before
{Heap before GC invocations=19 (full 3):
 PSYoungGen      total 669184K, used 650368K [0x00000000d6000000, 0x0000000100000000, 0x0000000100000000)
  eden space 650240K, 100% used [0x00000000d6000000,0x00000000fdb00000,0x00000000fdb00000)
  from space 18944K, 0% used [0x00000000fdb00000,0x00000000fdb20000,0x00000000fed80000)
  to   space 18944K, 0% used [0x00000000fed80000,0x00000000fed80000,0x0000000100000000)
 ParOldGen       total 80896K, used 25977K [0x0000000082000000, 0x0000000086f00000, 0x00000000d6000000)
  object space 80896K, 32% used [0x0000000082000000,0x000000008395e6c8,0x0000000086f00000)
 Metaspace       used 64484K, capacity 67932K, committed 67992K, reserved 1107968K
  class space    used 8535K, capacity 9094K, committed 9136K, reserved 1048576K
Event: 3681.044 GC heap after
Heap after GC invocations=19 (full 3):
 PSYoungGen      total 668160K, used 64K [0x00000000d6000000, 0x00000000fff00000, 0x0000000100000000)
  eden space 650240K, 0% used [0x00000000d6000000,0x00000000d6000000,0x00000000fdb00000)
  from space 17920K, 0% used [0x00000000fed80000,0x00000000fed90000,0x00000000fff00000)
  to   space 18432K, 0% used [0x00000000fdb00000,0x00000000fdb00000,0x00000000fed00000)
 ParOldGen       total 80896K, used 25985K [0x0000000082000000, 0x0000000086f00000, 0x00000000d6000000)
  object space 80896K, 32% used [0x0000000082000000,0x00000000839606c8,0x0000000086f00000)
 Metaspace       used 64484K, capacity 67932K, committed 67992K, reserved 1107968K
  class space    used 8535K, capacity 9094K, committed 9136K, reserved 1048576K
}
Event: 3716.463 GC heap before
{Heap before GC invocations=20 (full 3):
 PSYoungGen      total 668160K, used 650304K [0x00000000d6000000, 0x00000000fff00000, 0x0000000100000000)
  eden space 650240K, 100% used [0x00000000d6000000,0x00000000fdb00000,0x00000000fdb00000)
  from space 17920K, 0% used [0x00000000fed80000,0x00000000fed90000,0x00000000fff00000)
  to   space 18432K, 0% used [0x00000000fdb00000,0x00000000fdb00000,0x00000000fed00000)
 ParOldGen       total 80896K, used 25985K [0x0000000082000000, 0x0000000086f00000, 0x00000000d6000000)
  object space 80896K, 32% used [0x0000000082000000,0x00000000839606c8,0x0000000086f00000)
 Metaspace       used 64501K, capacity 67996K, committed 68248K, reserved 1107968K
  class space    used 8535K, capacity 9094K, committed 9136K, reserved 1048576K
Event: 3716.474 GC heap after
Heap after GC invocations=20 (full 3):
 PSYoungGen      total 668672K, used 128K [0x00000000d6000000, 0x00000000fff80000, 0x0000000100000000)
  eden space 650240K, 0% used [0x00000000d6000000,0x00000000d6000000,0x00000000fdb00000)
  from space 18432K, 0% used [0x00000000fdb00000,0x00000000fdb20000,0x00000000fed00000)
  to   space 17920K, 0% used [0x00000000fee00000,0x00000000fee00000,0x00000000fff80000)
 ParOldGen       total 80896K, used 25993K [0x0000000082000000, 0x0000000086f00000, 0x00000000d6000000)
  object space 80896K, 32% used [0x0000000082000000,0x00000000839626c8,0x0000000086f00000)
 Metaspace       used 64501K, capacity 67996K, committed 68248K, reserved 1107968K
  class space    used 8535K, capacity 9094K, committed 9136K, reserved 1048576K
}

