# JRE version: Java(TM) SE Runtime Environment (8.0_92-b14) (build 1.8.0_92-b14)
# Java VM: Java HotSpot(TM) 64-Bit Server VM (25.92-b14 mixed mode windows-amd64 compressed oops)
Heap:
 PSYoungGen      total 668160K, used 58374K [0x00000000d6000000, 0x00000000ffe80000, 0x0000000100000000)
  eden space 649728K, 8% used [0x00000000d6000000,0x00000000d98e19d8,0x00000000fda80000)
  from space 18432K, 0% used [0x00000000fda80000,0x00000000fdaa0000,0x00000000fec80000)
  to   space 17920K, 0% used [0x00000000fed00000,0x00000000fed00000,0x00000000ffe80000)
 ParOldGen       total 73216K, used 24118K [0x0000000082000000, 0x0000000086780000, 0x00000000d6000000)
  object space 73216K, 32% used [0x0000000082000000,0x000000008378d870,0x0000000086780000)
 Metaspace       used 63773K, capacity 67507K, committed 67708K, reserved 1107968K
  class space    used 8455K, capacity 9052K, committed 9136K, reserved 1048576K
GC Heap History (10 events):
Event: 213.846 GC heap before
{Heap before GC invocations=16 (full 3):
 PSYoungGen      total 590336K, used 589280K [0x00000000d6000000, 0x00000000fc080000, 0x0000000100000000)
  eden space 584192K, 100% used [0x00000000d6000000,0x00000000f9a80000,0x00000000f9a80000)
  from space 6144K, 82% used [0x00000000fba80000,0x00000000fbf78368,0x00000000fc080000)
  to   space 19456K, 0% used [0x00000000f9a80000,0x00000000f9a80000,0x00000000fad80000)
 ParOldGen       total 73216K, used 21761K [0x0000000082000000, 0x0000000086780000, 0x00000000d6000000)
  object space 73216K, 29% used [0x0000000082000000,0x00000000835404f8,0x0000000086780000)
 Metaspace       used 63655K, capacity 67317K, committed 67452K, reserved 1107968K
  class space    used 8448K, capacity 9015K, committed 9136K, reserved 1048576K
Event: 213.852 GC heap after
Heap after GC invocations=16 (full 3):
 PSYoungGen      total 603648K, used 160K [0x00000000d6000000, 0x0000000100000000, 0x0000000100000000)
  eden space 584192K, 0% used [0x00000000d6000000,0x00000000d6000000,0x00000000f9a80000)
  from space 19456K, 0% used [0x00000000f9a80000,0x00000000f9aa8000,0x00000000fad80000)
  to   space 19456K, 0% used [0x00000000fed00000,0x00000000fed00000,0x0000000100000000)
 ParOldGen       total 73216K, used 23998K [0x0000000082000000, 0x0000000086780000, 0x00000000d6000000)
  object space 73216K, 32% used [0x0000000082000000,0x000000008376f870,0x0000000086780000)
 Metaspace       used 63655K, capacity 67317K, committed 67452K, reserved 1107968K
  class space    used 8448K, capacity 9015K, committed 9136K, reserved 1048576K
}
Event: 255.021 GC heap before
{Heap before GC invocations=17 (full 3):
 PSYoungGen      total 603648K, used 584352K [0x00000000d6000000, 0x0000000100000000, 0x0000000100000000)
  eden space 584192K, 100% used [0x00000000d6000000,0x00000000f9a80000,0x00000000f9a80000)
  from space 19456K, 0% used [0x00000000f9a80000,0x00000000f9aa8000,0x00000000fad80000)
  to   space 19456K, 0% used [0x00000000fed00000,0x00000000fed00000,0x0000000100000000)
 ParOldGen       total 73216K, used 23998K [0x0000000082000000, 0x0000000086780000, 0x00000000d6000000)
  object space 73216K, 32% used [0x0000000082000000,0x000000008376f870,0x0000000086780000)
 Metaspace       used 63679K, capacity 67381K, committed 67708K, reserved 1107968K
  class space    used 8449K, capacity 9015K, committed 9136K, reserved 1048576K
Event: 255.025 GC heap after
Heap after GC invocations=17 (full 3):
 PSYoungGen      total 668672K, used 128K [0x00000000d6000000, 0x0000000100000000, 0x0000000100000000)
  eden space 649216K, 0% used [0x00000000d6000000,0x00000000d6000000,0x00000000fda00000)
  from space 19456K, 0% used [0x00000000fed00000,0x00000000fed20000,0x0000000100000000)
  to   space 19456K, 0% used [0x00000000fda00000,0x00000000fda00000,0x00000000fed00000)
 ParOldGen       total 73216K, used 24070K [0x0000000082000000, 0x0000000086780000, 0x00000000d6000000)
  object space 73216K, 32% used [0x0000000082000000,0x0000000083781870,0x0000000086780000)
 Metaspace       used 63679K, capacity 67381K, committed 67708K, reserved 1107968K
  class space    used 8449K, capacity 9015K, committed 9136K, reserved 1048576K
}
Event: 289.715 GC heap before
{Heap before GC invocations=18 (full 3):
 PSYoungGen      total 668672K, used 649344K [0x00000000d6000000, 0x0000000100000000, 0x0000000100000000)
  eden space 649216K, 100% used [0x00000000d6000000,0x00000000fda00000,0x00000000fda00000)
  from space 19456K, 0% used [0x00000000fed00000,0x00000000fed20000,0x0000000100000000)
  to   space 19456K, 0% used [0x00000000fda00000,0x00000000fda00000,0x00000000fed00000)
 ParOldGen       total 73216K, used 24070K [0x0000000082000000, 0x0000000086780000, 0x00000000d6000000)
  object space 73216K, 32% used [0x0000000082000000,0x0000000083781870,0x0000000086780000)
 Metaspace       used 63721K, capacity 67381K, committed 67708K, reserved 1107968K
  class space    used 8449K, capacity 9015K, committed 9136K, reserved 1048576K
Event: 289.718 GC heap after
Heap after GC invocations=18 (full 3):
 PSYoungGen      total 649728K, used 128K [0x00000000d6000000, 0x00000000fff00000, 0x0000000100000000)
  eden space 649216K, 0% used [0x00000000d6000000,0x00000000d6000000,0x00000000fda00000)
  from space 512K, 25% used [0x00000000fda00000,0x00000000fda20000,0x00000000fda80000)
  to   space 18944K, 0% used [0x00000000fec80000,0x00000000fec80000,0x00000000fff00000)
 ParOldGen       total 73216K, used 24086K [0x0000000082000000, 0x0000000086780000, 0x00000000d6000000)
  object space 73216K, 32% used [0x0000000082000000,0x0000000083785870,0x0000000086780000)
 Metaspace       used 63721K, capacity 67381K, committed 67708K, reserved 1107968K
  class space    used 8449K, capacity 9015K, committed 9136K, reserved 1048576K
}
Event: 333.433 GC heap before
{Heap before GC invocations=19 (full 3):
 PSYoungGen      total 649728K, used 649344K [0x00000000d6000000, 0x00000000fff00000, 0x0000000100000000)
  eden space 649216K, 100% used [0x00000000d6000000,0x00000000fda00000,0x00000000fda00000)
  from space 512K, 25% used [0x00000000fda00000,0x00000000fda20000,0x00000000fda80000)
  to   space 18944K, 0% used [0x00000000fec80000,0x00000000fec80000,0x00000000fff00000)
 ParOldGen       total 73216K, used 24086K [0x0000000082000000, 0x0000000086780000, 0x00000000d6000000)
  object space 73216K, 32% used [0x0000000082000000,0x0000000083785870,0x0000000086780000)
 Metaspace       used 63742K, capacity 67381K, committed 67708K, reserved 1107968K
  class space    used 8449K, capacity 9015K, committed 9136K, reserved 1048576K
Event: 333.436 GC heap after
Heap after GC invocations=19 (full 3):
 PSYoungGen      total 668672K, used 128K [0x00000000d6000000, 0x0000000100000000, 0x0000000100000000)
  eden space 649728K, 0% used [0x00000000d6000000,0x00000000d6000000,0x00000000fda80000)
  from space 18944K, 0% used [0x00000000fec80000,0x00000000feca0000,0x00000000fff00000)
  to   space 18432K, 0% used [0x00000000fda80000,0x00000000fda80000,0x00000000fec80000)
 ParOldGen       total 73216K, used 24102K [0x0000000082000000, 0x0000000086780000, 0x00000000d6000000)
  object space 73216K, 32% used [0x0000000082000000,0x0000000083789870,0x0000000086780000)
 Metaspace       used 63742K, capacity 67381K, committed 67708K, reserved 1107968K
  class space    used 8449K, capacity 9015K, committed 9136K, reserved 1048576K
}
Event: 381.143 GC heap before
{Heap before GC invocations=20 (full 3):
 PSYoungGen      total 668672K, used 649856K [0x00000000d6000000, 0x0000000100000000, 0x0000000100000000)
  eden space 649728K, 100% used [0x00000000d6000000,0x00000000fda80000,0x00000000fda80000)
  from space 18944K, 0% used [0x00000000fec80000,0x00000000feca0000,0x00000000fff00000)
  to   space 18432K, 0% used [0x00000000fda80000,0x00000000fda80000,0x00000000fec80000)
 ParOldGen       total 73216K, used 24102K [0x0000000082000000, 0x0000000086780000, 0x00000000d6000000)
  object space 73216K, 32% used [0x0000000082000000,0x0000000083789870,0x0000000086780000)
 Metaspace       used 63742K, capacity 67381K, committed 67708K, reserved 1107968K
  class space    used 8449K, capacity 9015K, committed 9136K, reserved 1048576K
Event: 381.146 GC heap after
Heap after GC invocations=20 (full 3):
 PSYoungGen      total 668160K, used 128K [0x00000000d6000000, 0x00000000ffe80000, 0x0000000100000000)
  eden space 649728K, 0% used [0x00000000d6000000,0x00000000d6000000,0x00000000fda80000)
  from space 18432K, 0% used [0x00000000fda80000,0x00000000fdaa0000,0x00000000fec80000)
  to   space 17920K, 0% used [0x00000000fed00000,0x00000000fed00000,0x00000000ffe80000)
 ParOldGen       total 73216K, used 24118K [0x0000000082000000, 0x0000000086780000, 0x00000000d6000000)
  object space 73216K, 32% used [0x0000000082000000,0x000000008378d870,0x0000000086780000)
 Metaspace       used 63742K, capacity 67381K, committed 67708K, reserved 1107968K
  class space    used 8449K, capacity 9015K, committed 9136K, reserved 1048576K
}

